<?xml version="1.0" encoding="UTF-8"?>
<!-- Generated by org.testng.reporters.JUnitXMLReporter -->
<testsuite hostname="HIBAIL55565" ignored="0" name="Default test" tests="3" failures="0" timestamp="19 Jul 2019 07:08:21 GMT" time="80.956" errors="0">
  <testcase name="loginToCRMPROApplicationTest" time="4.105" classname="com.qa.crmpro.testcases.loginPageTest"/>
  <testcase name="validateCRMPROLogoTest" time="0.163" classname="com.qa.crmpro.testcases.loginPageTest"/>
  <testcase name="validateCRMPROWebPageTitleTest" time="0.024" classname="com.qa.crmpro.testcases.loginPageTest"/>
</testsuite> <!-- Default test -->
