<?xml version="1.0" encoding="UTF-8"?>
<!-- Generated by org.testng.reporters.JUnitXMLReporter -->
<testsuite hostname="HIBAIL55565" ignored="0" name="CRMPRO Application TestCases" tests="3" failures="0" timestamp="18 Jul 2019 17:53:34 GMT" time="90.219" errors="0">
  <testcase name="loginToCRMPROApplicationTest" time="6.447" classname="com.qa.crmpro.testcases.loginPageTest"/>
  <testcase name="validateCRMPROLogoTest" time="0.188" classname="com.qa.crmpro.testcases.loginPageTest"/>
  <testcase name="validateCRMPROWebPageTitleTest" time="0.035" classname="com.qa.crmpro.testcases.loginPageTest"/>
</testsuite> <!-- CRMPRO Application TestCases -->
